<?xml version="1.0" encoding="UTF-8"?>
<!-- Generated by org.testng.reporters.JUnitXMLReporter -->
<testsuite hostname="lenovo" name="Default test" tests="3" failures="0" timestamp="5 May 2016 05:59:05 GMT" time="50.62" errors="0">
  <testcase name="testCheckInOut" time="7.851" classname="com.ga.adactin.TC102"/>
  <testcase name="testCheckInOut" time="5.757" classname="com.ga.adactin.TC102"/>
  <testcase name="testCheckInOut" time="6.555" classname="com.ga.adactin.TC102"/>
</testsuite> <!-- Default test -->
