<?xml version="1.0" encoding="UTF-8"?>
<testng-results skipped="0" failed="0" total="3" passed="3">
  <reporter-output>
  </reporter-output>
  <suite name="Default suite" duration-ms="50620" started-at="2016-05-05T05:58:14Z" finished-at="2016-05-05T05:59:05Z">
    <groups>
    </groups>
    <test name="Default test" duration-ms="50620" started-at="2016-05-05T05:58:14Z" finished-at="2016-05-05T05:59:05Z">
      <class name="com.ga.adactin.TC102">
        <test-method status="PASS" signature="setUp()[pri:0, instance:com.ga.adactin.TC102@20e2cbe0]" name="setUp" is-config="true" duration-ms="30392" started-at="2016-05-04T22:58:14Z" finished-at="2016-05-04T22:58:45Z">
          <reporter-output>
          </reporter-output>
        </test-method> <!-- setUp -->
        <test-method status="PASS" signature="testCheckInOut(java.lang.String, java.lang.String, java.lang.String, java.lang.String, java.lang.String, java.lang.String, java.lang.String, java.lang.String, java.lang.String, boolean)[pri:0, instance:com.ga.adactin.TC102@20e2cbe0]" name="testCheckInOut" duration-ms="7851" started-at="2016-05-04T22:58:45Z" data-provider="tc102data" finished-at="2016-05-04T22:58:53Z">
          <params>
            <param index="0">
              <value>
                <![CDATA[jayabhanu]]>
              </value>
            </param>
            <param index="1">
              <value>
                <![CDATA[gajula]]>
              </value>
            </param>
            <param index="2">
              <value>
                <![CDATA[Sydney]]>
              </value>
            </param>
            <param index="3">
              <value>
                <![CDATA[Hotel Creek]]>
              </value>
            </param>
            <param index="4">
              <value>
                <![CDATA[Standard]]>
              </value>
            </param>
            <param index="5">
              <value>
                <![CDATA[1]]>
              </value>
            </param>
            <param index="6">
              <value>
                <![CDATA[02/06/2016]]>
              </value>
            </param>
            <param index="7">
              <value>
                <![CDATA[4]]>
              </value>
            </param>
            <param index="8">
              <value>
                <![CDATA[2]]>
              </value>
            </param>
            <param index="9">
              <value>
                <![CDATA[true]]>
              </value>
            </param>
          </params>
          <reporter-output>
          </reporter-output>
        </test-method> <!-- testCheckInOut -->
        <test-method status="PASS" signature="testCheckInOut(java.lang.String, java.lang.String, java.lang.String, java.lang.String, java.lang.String, java.lang.String, java.lang.String, java.lang.String, java.lang.String, boolean)[pri:0, instance:com.ga.adactin.TC102@20e2cbe0]" name="testCheckInOut" duration-ms="5757" started-at="2016-05-04T22:58:53Z" data-provider="tc102data" finished-at="2016-05-04T22:58:58Z">
          <params>
            <param index="0">
              <value>
                <![CDATA[SQABCMar21]]>
              </value>
            </param>
            <param index="1">
              <value>
                <![CDATA[sqaadmin2016]]>
              </value>
            </param>
            <param index="2">
              <value>
                <![CDATA[Paris]]>
              </value>
            </param>
            <param index="3">
              <value>
                <![CDATA[Hotel Creek]]>
              </value>
            </param>
            <param index="4">
              <value>
                <![CDATA[Deluxe]]>
              </value>
            </param>
            <param index="5">
              <value>
                <![CDATA[2]]>
              </value>
            </param>
            <param index="6">
              <value>
                <![CDATA[01/06/2016]]>
              </value>
            </param>
            <param index="7">
              <value>
                <![CDATA[4]]>
              </value>
            </param>
            <param index="8">
              <value>
                <![CDATA[2]]>
              </value>
            </param>
            <param index="9">
              <value>
                <![CDATA[true]]>
              </value>
            </param>
          </params>
          <reporter-output>
          </reporter-output>
        </test-method> <!-- testCheckInOut -->
        <test-method status="PASS" signature="testCheckInOut(java.lang.String, java.lang.String, java.lang.String, java.lang.String, java.lang.String, java.lang.String, java.lang.String, java.lang.String, java.lang.String, boolean)[pri:0, instance:com.ga.adactin.TC102@20e2cbe0]" name="testCheckInOut" duration-ms="6555" started-at="2016-05-04T22:58:58Z" data-provider="tc102data" finished-at="2016-05-04T22:59:05Z">
          <params>
            <param index="0">
              <value>
                <![CDATA[SQABCMar21]]>
              </value>
            </param>
            <param index="1">
              <value>
                <![CDATA[sqaadmin2016]]>
              </value>
            </param>
            <param index="2">
              <value>
                <![CDATA[Paris]]>
              </value>
            </param>
            <param index="3">
              <value>
                <![CDATA[Hotel Creek]]>
              </value>
            </param>
            <param index="4">
              <value>
                <![CDATA[Deluxe]]>
              </value>
            </param>
            <param index="5">
              <value>
                <![CDATA[2]]>
              </value>
            </param>
            <param index="6">
              <value>
                <![CDATA[01/06/2014]]>
              </value>
            </param>
            <param index="7">
              <value>
                <![CDATA[4]]>
              </value>
            </param>
            <param index="8">
              <value>
                <![CDATA[2]]>
              </value>
            </param>
            <param index="9">
              <value>
                <![CDATA[false]]>
              </value>
            </param>
          </params>
          <reporter-output>
          </reporter-output>
        </test-method> <!-- testCheckInOut -->
      </class> <!-- com.ga.adactin.TC102 -->
    </test> <!-- Default test -->
  </suite> <!-- Default suite -->
</testng-results>
